[{"useNaturalConf":true,"startTime":"Dec 31, 2023, 9:00:00 PM","endTime":"Dec 31, 2023, 9:00:31 PM","status":"FAIL","level":0,"isLeaf":false,"name":"As a user","description":"","bddType":"com.aventstack.extentreports.gherkin.model.Feature","infoMap":{},"children":[{"useNaturalConf":true,"startTime":"Dec 31, 2023, 9:00:00 PM","endTime":"Dec 31, 2023, 9:00:31 PM","status":"FAIL","level":1,"isLeaf":false,"name":"Place Order: Register while Checkout","description":"","bddType":"com.aventstack.extentreports.gherkin.model.Scenario","infoMap":{},"children":[{"useNaturalConf":true,"startTime":"Dec 31, 2023, 9:00:05 PM","endTime":"Dec 31, 2023, 9:00:05 PM","status":"PASS","level":2,"isLeaf":true,"name":"Given I am on homepage","description":"com.automationexercise.steps.RegisterSteps.iAmOnHomepage()","bddType":"com.aventstack.extentreports.gherkin.model.Given","infoMap":{},"children":[],"logs":[{"timestamp":"Dec 31, 2023, 9:00:05 PM","status":"PASS","details":"","seq":0,"infoMap":{}}],"media":[],"exceptions":[],"authorSet":[],"categorySet":[],"deviceSet":[],"generatedLog":[]},{"useNaturalConf":true,"startTime":"Dec 31, 2023, 9:00:05 PM","endTime":"Dec 31, 2023, 9:00:07 PM","status":"PASS","level":2,"isLeaf":true,"name":"When Click On Cart button","description":"com.automationexercise.steps.ExtraSteps.clickOnCartButton()","bddType":"com.aventstack.extentreports.gherkin.model.When","infoMap":{},"children":[],"logs":[{"timestamp":"Dec 31, 2023, 9:00:07 PM","status":"PASS","details":"","seq":0,"infoMap":{}}],"media":[],"exceptions":[],"authorSet":[],"categorySet":[],"deviceSet":[],"generatedLog":[]},{"useNaturalConf":true,"startTime":"Dec 31, 2023, 9:00:07 PM","endTime":"Dec 31, 2023, 9:00:07 PM","status":"PASS","level":2,"isLeaf":true,"name":"And Verify that cart page is displayed","description":"com.automationexercise.steps.ExtraSteps.verifyThatCartPageIsDisplayed()","bddType":"com.aventstack.extentreports.gherkin.model.And","infoMap":{},"children":[],"logs":[{"timestamp":"Dec 31, 2023, 9:00:07 PM","status":"PASS","details":"","seq":0,"infoMap":{}}],"media":[],"exceptions":[],"authorSet":[],"categorySet":[],"deviceSet":[],"generatedLog":[]},{"useNaturalConf":true,"startTime":"Dec 31, 2023, 9:00:07 PM","endTime":"Dec 31, 2023, 9:00:31 PM","status":"FAIL","level":2,"isLeaf":true,"name":"Then Click Proceed To Checkout","description":"com.automationexercise.steps.ExtraSteps.clickProceedToCheckout()","bddType":"com.aventstack.extentreports.gherkin.model.Then","infoMap":{},"children":[],"logs":[{"timestamp":"Dec 31, 2023, 9:00:31 PM","status":"FAIL","details":"","seq":0,"infoMap":{},"exception":{"exception":{"extraInfo":{"Driver info":"driver.version: RemoteWebDriver"},"detailMessage":"Unable to find element with locator By.xpath: //a[normalize-space()\u003d\u0027Place Order\u0027]","stackTrace":[{"classLoaderName":"app","declaringClass":"org.openqa.selenium.remote.ElementLocation$ElementFinder$2","methodName":"findElement","fileName":"ElementLocation.java","lineNumber":168,"format":1},{"classLoaderName":"app","declaringClass":"org.openqa.selenium.remote.ElementLocation","methodName":"findElement","fileName":"ElementLocation.java","lineNumber":59,"format":1},{"classLoaderName":"app","declaringClass":"org.openqa.selenium.remote.RemoteWebDriver","methodName":"findElement","fileName":"RemoteWebDriver.java","lineNumber":364,"format":1},{"classLoaderName":"app","declaringClass":"org.openqa.selenium.remote.RemoteWebDriver","methodName":"findElement","fileName":"RemoteWebDriver.java","lineNumber":358,"format":1},{"classLoaderName":"app","declaringClass":"org.openqa.selenium.support.pagefactory.DefaultElementLocator","methodName":"findElement","fileName":"DefaultElementLocator.java","lineNumber":68,"format":1},{"classLoaderName":"app","declaringClass":"org.openqa.selenium.support.pagefactory.internal.LocatingElementHandler","methodName":"invoke","fileName":"LocatingElementHandler.java","lineNumber":38,"format":1},{"classLoaderName":"app","moduleName":"jdk.proxy2","declaringClass":"jdk.proxy2.$Proxy29","methodName":"click","lineNumber":-1,"format":1},{"classLoaderName":"app","declaringClass":"com.automationexercise.utility.Utility","methodName":"clickOnElement","fileName":"Utility.java","lineNumber":52,"format":1},{"classLoaderName":"app","declaringClass":"com.automationexercise.pages.CheckOutPage","methodName":"clickOnPlaceOrder","fileName":"CheckOutPage.java","lineNumber":63,"format":1},{"classLoaderName":"app","declaringClass":"com.automationexercise.steps.ExtraSteps","methodName":"clickProceedToCheckout","fileName":"ExtraSteps.java","lineNumber":64,"format":1},{"declaringClass":"✽","methodName":"Click Proceed To Checkout","fileName":"file:///C:/Users/shrad/IdeaProjects/automation-exercise-cucumber/src/test/resources/features/extra.feature","lineNumber":33,"format":0}],"suppressedExceptions":[]},"stackTrace":"org.openqa.selenium.NoSuchElementException: Unable to find element with locator By.xpath: //a[normalize-space()\u003d\u0027Place Order\u0027]\nFor documentation on this error, please visit: https://www.selenium.dev/documentation/webdriver/troubleshooting/errors#no-such-element-exception\nBuild info: version: \u00274.15.0\u0027, revision: \u00271d14b5521b\u0027\nSystem info: os.name: \u0027Windows 11\u0027, os.arch: \u0027amd64\u0027, os.version: \u002710.0\u0027, java.version: \u002717.0.8\u0027\nDriver info: driver.version: RemoteWebDriver\r\n\tat org.openqa.selenium.remote.ElementLocation$ElementFinder$2.findElement(ElementLocation.java:168)\r\n\tat org.openqa.selenium.remote.ElementLocation.findElement(ElementLocation.java:59)\r\n\tat org.openqa.selenium.remote.RemoteWebDriver.findElement(RemoteWebDriver.java:364)\r\n\tat org.openqa.selenium.remote.RemoteWebDriver.findElement(RemoteWebDriver.java:358)\r\n\tat org.openqa.selenium.support.pagefactory.DefaultElementLocator.findElement(DefaultElementLocator.java:68)\r\n\tat org.openqa.selenium.support.pagefactory.internal.LocatingElementHandler.invoke(LocatingElementHandler.java:38)\r\n\tat jdk.proxy2/jdk.proxy2.$Proxy29.click(Unknown Source)\r\n\tat com.automationexercise.utility.Utility.clickOnElement(Utility.java:52)\r\n\tat com.automationexercise.pages.CheckOutPage.clickOnPlaceOrder(CheckOutPage.java:63)\r\n\tat com.automationexercise.steps.ExtraSteps.clickProceedToCheckout(ExtraSteps.java:64)\r\n\tat ✽.Click Proceed To Checkout(file:///C:/Users/shrad/IdeaProjects/automation-exercise-cucumber/src/test/resources/features/extra.feature:33)\r\n","name":"org.openqa.selenium.NoSuchElementException"}}],"media":[],"exceptions":[{"exception":{"extraInfo":{"Driver info":"driver.version: RemoteWebDriver"},"detailMessage":"Unable to find element with locator By.xpath: //a[normalize-space()\u003d\u0027Place Order\u0027]","stackTrace":[{"classLoaderName":"app","declaringClass":"org.openqa.selenium.remote.ElementLocation$ElementFinder$2","methodName":"findElement","fileName":"ElementLocation.java","lineNumber":168,"format":1},{"classLoaderName":"app","declaringClass":"org.openqa.selenium.remote.ElementLocation","methodName":"findElement","fileName":"ElementLocation.java","lineNumber":59,"format":1},{"classLoaderName":"app","declaringClass":"org.openqa.selenium.remote.RemoteWebDriver","methodName":"findElement","fileName":"RemoteWebDriver.java","lineNumber":364,"format":1},{"classLoaderName":"app","declaringClass":"org.openqa.selenium.remote.RemoteWebDriver","methodName":"findElement","fileName":"RemoteWebDriver.java","lineNumber":358,"format":1},{"classLoaderName":"app","declaringClass":"org.openqa.selenium.support.pagefactory.DefaultElementLocator","methodName":"findElement","fileName":"DefaultElementLocator.java","lineNumber":68,"format":1},{"classLoaderName":"app","declaringClass":"org.openqa.selenium.support.pagefactory.internal.LocatingElementHandler","methodName":"invoke","fileName":"LocatingElementHandler.java","lineNumber":38,"format":1},{"classLoaderName":"app","moduleName":"jdk.proxy2","declaringClass":"jdk.proxy2.$Proxy29","methodName":"click","lineNumber":-1,"format":1},{"classLoaderName":"app","declaringClass":"com.automationexercise.utility.Utility","methodName":"clickOnElement","fileName":"Utility.java","lineNumber":52,"format":1},{"classLoaderName":"app","declaringClass":"com.automationexercise.pages.CheckOutPage","methodName":"clickOnPlaceOrder","fileName":"CheckOutPage.java","lineNumber":63,"format":1},{"classLoaderName":"app","declaringClass":"com.automationexercise.steps.ExtraSteps","methodName":"clickProceedToCheckout","fileName":"ExtraSteps.java","lineNumber":64,"format":1},{"declaringClass":"✽","methodName":"Click Proceed To Checkout","fileName":"file:///C:/Users/shrad/IdeaProjects/automation-exercise-cucumber/src/test/resources/features/extra.feature","lineNumber":33,"format":0}],"suppressedExceptions":[]},"stackTrace":"org.openqa.selenium.NoSuchElementException: Unable to find element with locator By.xpath: //a[normalize-space()\u003d\u0027Place Order\u0027]\nFor documentation on this error, please visit: https://www.selenium.dev/documentation/webdriver/troubleshooting/errors#no-such-element-exception\nBuild info: version: \u00274.15.0\u0027, revision: \u00271d14b5521b\u0027\nSystem info: os.name: \u0027Windows 11\u0027, os.arch: \u0027amd64\u0027, os.version: \u002710.0\u0027, java.version: \u002717.0.8\u0027\nDriver info: driver.version: RemoteWebDriver\r\n\tat org.openqa.selenium.remote.ElementLocation$ElementFinder$2.findElement(ElementLocation.java:168)\r\n\tat org.openqa.selenium.remote.ElementLocation.findElement(ElementLocation.java:59)\r\n\tat org.openqa.selenium.remote.RemoteWebDriver.findElement(RemoteWebDriver.java:364)\r\n\tat org.openqa.selenium.remote.RemoteWebDriver.findElement(RemoteWebDriver.java:358)\r\n\tat org.openqa.selenium.support.pagefactory.DefaultElementLocator.findElement(DefaultElementLocator.java:68)\r\n\tat org.openqa.selenium.support.pagefactory.internal.LocatingElementHandler.invoke(LocatingElementHandler.java:38)\r\n\tat jdk.proxy2/jdk.proxy2.$Proxy29.click(Unknown Source)\r\n\tat com.automationexercise.utility.Utility.clickOnElement(Utility.java:52)\r\n\tat com.automationexercise.pages.CheckOutPage.clickOnPlaceOrder(CheckOutPage.java:63)\r\n\tat com.automationexercise.steps.ExtraSteps.clickProceedToCheckout(ExtraSteps.java:64)\r\n\tat ✽.Click Proceed To Checkout(file:///C:/Users/shrad/IdeaProjects/automation-exercise-cucumber/src/test/resources/features/extra.feature:33)\r\n","name":"org.openqa.selenium.NoSuchElementException"}],"authorSet":[],"categorySet":[],"deviceSet":[],"generatedLog":[]},{"useNaturalConf":true,"startTime":"Dec 31, 2023, 9:00:31 PM","endTime":"Dec 31, 2023, 9:00:31 PM","status":"SKIP","level":2,"isLeaf":true,"name":"And Verify Address Details \"Mrs\",\"Shraddha\",\"Malaviya\",\"449A Kingston\",\"Epsom\",\"Kingston\",\"London\",\"KT190GB\",\"United States\",\"0987654321\"","description":"com.automationexercise.steps.ExtraSteps.verifyAddressDetails(java.lang.String,java.lang.String,java.lang.String,java.lang.String,java.lang.String,java.lang.String,java.lang.String,java.lang.String,java.lang.String,java.lang.String)","bddType":"com.aventstack.extentreports.gherkin.model.And","infoMap":{},"children":[],"logs":[{"timestamp":"Dec 31, 2023, 9:00:31 PM","status":"SKIP","details":"Step skipped","seq":0,"infoMap":{}}],"media":[],"exceptions":[],"authorSet":[],"categorySet":[],"deviceSet":[],"generatedLog":[]},{"useNaturalConf":true,"startTime":"Dec 31, 2023, 9:00:31 PM","endTime":"Dec 31, 2023, 9:00:31 PM","status":"SKIP","level":2,"isLeaf":true,"name":"And Review Your Order","description":"com.automationexercise.steps.ExtraSteps.reviewYourOrder()","bddType":"com.aventstack.extentreports.gherkin.model.And","infoMap":{},"children":[],"logs":[{"timestamp":"Dec 31, 2023, 9:00:31 PM","status":"SKIP","details":"Step skipped","seq":0,"infoMap":{}}],"media":[],"exceptions":[],"authorSet":[],"categorySet":[],"deviceSet":[],"generatedLog":[]},{"useNaturalConf":true,"startTime":"Dec 31, 2023, 9:00:31 PM","endTime":"Dec 31, 2023, 9:00:31 PM","status":"SKIP","level":2,"isLeaf":true,"name":"And Enter description in comment text area \"Deliver on time\" and click Place Order","description":"com.automationexercise.steps.ExtraSteps.enterDescriptionInCommentTextAreaAndClickPlaceOrder(java.lang.String)","bddType":"com.aventstack.extentreports.gherkin.model.And","infoMap":{},"children":[],"logs":[{"timestamp":"Dec 31, 2023, 9:00:31 PM","status":"SKIP","details":"Step skipped","seq":0,"infoMap":{}}],"media":[],"exceptions":[],"authorSet":[],"categorySet":[],"deviceSet":[],"generatedLog":[]},{"useNaturalConf":true,"startTime":"Dec 31, 2023, 9:00:31 PM","endTime":"Dec 31, 2023, 9:00:31 PM","status":"FAIL","level":2,"isLeaf":true,"name":"com.automationexercise.steps.Hooks.tearDown(io.cucumber.java.Scenario)","description":"AFTER","bddType":"com.aventstack.extentreports.gherkin.model.Asterisk","infoMap":{},"children":[],"logs":[{"timestamp":"Dec 31, 2023, 9:00:31 PM","status":"FAIL","details":"","seq":0,"infoMap":{},"exception":{"exception":{"extraInfo":{"Driver info":"org.openqa.selenium.chrome.ChromeDriver","Command":"[33726dcfb02395dc1a7266ad6c6f0261, screenshot {}]","Capabilities":"Capabilities {acceptInsecureCerts: false, browserName: chrome, browserVersion: 120.0.6099.130, chrome: {chromedriverVersion: 120.0.6099.109 (3419140ab66..., userDataDir: C:\\Users\\shrad\\AppData\\Loca...}, fedcm:accounts: true, goog:chromeOptions: {debuggerAddress: localhost:52411}, networkConnectionEnabled: false, pageLoadStrategy: normal, platformName: windows, proxy: Proxy(), se:cdp: ws://localhost:52411/devtoo..., se:cdpVersion: 120.0.6099.130, setWindowRect: true, strictFileInteractability: false, timeouts: {implicit: 0, pageLoad: 300000, script: 30000}, unhandledPromptBehavior: dismiss and notify, webauthn:extension:credBlob: true, webauthn:extension:largeBlob: true, webauthn:extension:minPinLength: true, webauthn:extension:prf: true, webauthn:virtualAuthenticators: true}","Session ID":"33726dcfb02395dc1a7266ad6c6f0261"},"detailMessage":"no such window: target window already closed\nfrom unknown error: web view not found\n  (Session info: chrome\u003d120.0.6099.130)","stackTrace":[{"moduleName":"java.base","moduleVersion":"17.0.8","declaringClass":"jdk.internal.reflect.NativeConstructorAccessorImpl","methodName":"newInstance0","fileName":"NativeConstructorAccessorImpl.java","lineNumber":-2,"format":2},{"moduleName":"java.base","moduleVersion":"17.0.8","declaringClass":"jdk.internal.reflect.NativeConstructorAccessorImpl","methodName":"newInstance","fileName":"NativeConstructorAccessorImpl.java","lineNumber":77,"format":2},{"moduleName":"java.base","moduleVersion":"17.0.8","declaringClass":"jdk.internal.reflect.DelegatingConstructorAccessorImpl","methodName":"newInstance","fileName":"DelegatingConstructorAccessorImpl.java","lineNumber":45,"format":2},{"moduleName":"java.base","moduleVersion":"17.0.8","declaringClass":"java.lang.reflect.Constructor","methodName":"newInstanceWithCaller","fileName":"Constructor.java","lineNumber":499,"format":2},{"moduleName":"java.base","moduleVersion":"17.0.8","declaringClass":"java.lang.reflect.Constructor","methodName":"newInstance","fileName":"Constructor.java","lineNumber":480,"format":2},{"classLoaderName":"app","declaringClass":"org.openqa.selenium.remote.codec.w3c.W3CHttpResponseCodec","methodName":"createException","fileName":"W3CHttpResponseCodec.java","lineNumber":200,"format":1},{"classLoaderName":"app","declaringClass":"org.openqa.selenium.remote.codec.w3c.W3CHttpResponseCodec","methodName":"decode","fileName":"W3CHttpResponseCodec.java","lineNumber":133,"format":1},{"classLoaderName":"app","declaringClass":"org.openqa.selenium.remote.codec.w3c.W3CHttpResponseCodec","methodName":"decode","fileName":"W3CHttpResponseCodec.java","lineNumber":52,"format":1},{"classLoaderName":"app","declaringClass":"org.openqa.selenium.remote.HttpCommandExecutor","methodName":"execute","fileName":"HttpCommandExecutor.java","lineNumber":191,"format":1},{"classLoaderName":"app","declaringClass":"org.openqa.selenium.remote.service.DriverCommandExecutor","methodName":"invokeExecute","fileName":"DriverCommandExecutor.java","lineNumber":200,"format":1},{"classLoaderName":"app","declaringClass":"org.openqa.selenium.remote.service.DriverCommandExecutor","methodName":"execute","fileName":"DriverCommandExecutor.java","lineNumber":175,"format":1},{"classLoaderName":"app","declaringClass":"org.openqa.selenium.remote.RemoteWebDriver","methodName":"execute","fileName":"RemoteWebDriver.java","lineNumber":607,"format":1},{"classLoaderName":"app","declaringClass":"org.openqa.selenium.remote.RemoteWebDriver","methodName":"execute","fileName":"RemoteWebDriver.java","lineNumber":680,"format":1},{"classLoaderName":"app","declaringClass":"org.openqa.selenium.remote.RemoteWebDriver","methodName":"execute","fileName":"RemoteWebDriver.java","lineNumber":684,"format":1},{"classLoaderName":"app","declaringClass":"org.openqa.selenium.remote.RemoteWebDriver","methodName":"getScreenshotAs","fileName":"RemoteWebDriver.java","lineNumber":330,"format":1},{"classLoaderName":"app","declaringClass":"com.automationexercise.utility.Utility","methodName":"getScreenShot","fileName":"Utility.java","lineNumber":374,"format":1},{"classLoaderName":"app","declaringClass":"com.automationexercise.steps.Hooks","methodName":"tearDown","fileName":"Hooks.java","lineNumber":19,"format":1}],"suppressedExceptions":[]},"stackTrace":"org.openqa.selenium.NoSuchWindowException: no such window: target window already closed\nfrom unknown error: web view not found\n  (Session info: chrome\u003d120.0.6099.130)\nBuild info: version: \u00274.15.0\u0027, revision: \u00271d14b5521b\u0027\nSystem info: os.name: \u0027Windows 11\u0027, os.arch: \u0027amd64\u0027, os.version: \u002710.0\u0027, java.version: \u002717.0.8\u0027\nDriver info: org.openqa.selenium.chrome.ChromeDriver\nCommand: [33726dcfb02395dc1a7266ad6c6f0261, screenshot {}]\nCapabilities {acceptInsecureCerts: false, browserName: chrome, browserVersion: 120.0.6099.130, chrome: {chromedriverVersion: 120.0.6099.109 (3419140ab66..., userDataDir: C:\\Users\\shrad\\AppData\\Loca...}, fedcm:accounts: true, goog:chromeOptions: {debuggerAddress: localhost:52411}, networkConnectionEnabled: false, pageLoadStrategy: normal, platformName: windows, proxy: Proxy(), se:cdp: ws://localhost:52411/devtoo..., se:cdpVersion: 120.0.6099.130, setWindowRect: true, strictFileInteractability: false, timeouts: {implicit: 0, pageLoad: 300000, script: 30000}, unhandledPromptBehavior: dismiss and notify, webauthn:extension:credBlob: true, webauthn:extension:largeBlob: true, webauthn:extension:minPinLength: true, webauthn:extension:prf: true, webauthn:virtualAuthenticators: true}\nSession ID: 33726dcfb02395dc1a7266ad6c6f0261\r\n\tat java.base/jdk.internal.reflect.NativeConstructorAccessorImpl.newInstance0(Native Method)\r\n\tat java.base/jdk.internal.reflect.NativeConstructorAccessorImpl.newInstance(NativeConstructorAccessorImpl.java:77)\r\n\tat java.base/jdk.internal.reflect.DelegatingConstructorAccessorImpl.newInstance(DelegatingConstructorAccessorImpl.java:45)\r\n\tat java.base/java.lang.reflect.Constructor.newInstanceWithCaller(Constructor.java:499)\r\n\tat java.base/java.lang.reflect.Constructor.newInstance(Constructor.java:480)\r\n\tat org.openqa.selenium.remote.codec.w3c.W3CHttpResponseCodec.createException(W3CHttpResponseCodec.java:200)\r\n\tat org.openqa.selenium.remote.codec.w3c.W3CHttpResponseCodec.decode(W3CHttpResponseCodec.java:133)\r\n\tat org.openqa.selenium.remote.codec.w3c.W3CHttpResponseCodec.decode(W3CHttpResponseCodec.java:52)\r\n\tat org.openqa.selenium.remote.HttpCommandExecutor.execute(HttpCommandExecutor.java:191)\r\n\tat org.openqa.selenium.remote.service.DriverCommandExecutor.invokeExecute(DriverCommandExecutor.java:200)\r\n\tat org.openqa.selenium.remote.service.DriverCommandExecutor.execute(DriverCommandExecutor.java:175)\r\n\tat org.openqa.selenium.remote.RemoteWebDriver.execute(RemoteWebDriver.java:607)\r\n\tat org.openqa.selenium.remote.RemoteWebDriver.execute(RemoteWebDriver.java:680)\r\n\tat org.openqa.selenium.remote.RemoteWebDriver.execute(RemoteWebDriver.java:684)\r\n\tat org.openqa.selenium.remote.RemoteWebDriver.getScreenshotAs(RemoteWebDriver.java:330)\r\n\tat com.automationexercise.utility.Utility.getScreenShot(Utility.java:374)\r\n\tat com.automationexercise.steps.Hooks.tearDown(Hooks.java:19)\r\n","name":"org.openqa.selenium.NoSuchWindowException"}}],"media":[],"exceptions":[{"exception":{"extraInfo":{"Driver info":"org.openqa.selenium.chrome.ChromeDriver","Command":"[33726dcfb02395dc1a7266ad6c6f0261, screenshot {}]","Capabilities":"Capabilities {acceptInsecureCerts: false, browserName: chrome, browserVersion: 120.0.6099.130, chrome: {chromedriverVersion: 120.0.6099.109 (3419140ab66..., userDataDir: C:\\Users\\shrad\\AppData\\Loca...}, fedcm:accounts: true, goog:chromeOptions: {debuggerAddress: localhost:52411}, networkConnectionEnabled: false, pageLoadStrategy: normal, platformName: windows, proxy: Proxy(), se:cdp: ws://localhost:52411/devtoo..., se:cdpVersion: 120.0.6099.130, setWindowRect: true, strictFileInteractability: false, timeouts: {implicit: 0, pageLoad: 300000, script: 30000}, unhandledPromptBehavior: dismiss and notify, webauthn:extension:credBlob: true, webauthn:extension:largeBlob: true, webauthn:extension:minPinLength: true, webauthn:extension:prf: true, webauthn:virtualAuthenticators: true}","Session ID":"33726dcfb02395dc1a7266ad6c6f0261"},"detailMessage":"no such window: target window already closed\nfrom unknown error: web view not found\n  (Session info: chrome\u003d120.0.6099.130)","stackTrace":[{"moduleName":"java.base","moduleVersion":"17.0.8","declaringClass":"jdk.internal.reflect.NativeConstructorAccessorImpl","methodName":"newInstance0","fileName":"NativeConstructorAccessorImpl.java","lineNumber":-2,"format":2},{"moduleName":"java.base","moduleVersion":"17.0.8","declaringClass":"jdk.internal.reflect.NativeConstructorAccessorImpl","methodName":"newInstance","fileName":"NativeConstructorAccessorImpl.java","lineNumber":77,"format":2},{"moduleName":"java.base","moduleVersion":"17.0.8","declaringClass":"jdk.internal.reflect.DelegatingConstructorAccessorImpl","methodName":"newInstance","fileName":"DelegatingConstructorAccessorImpl.java","lineNumber":45,"format":2},{"moduleName":"java.base","moduleVersion":"17.0.8","declaringClass":"java.lang.reflect.Constructor","methodName":"newInstanceWithCaller","fileName":"Constructor.java","lineNumber":499,"format":2},{"moduleName":"java.base","moduleVersion":"17.0.8","declaringClass":"java.lang.reflect.Constructor","methodName":"newInstance","fileName":"Constructor.java","lineNumber":480,"format":2},{"classLoaderName":"app","declaringClass":"org.openqa.selenium.remote.codec.w3c.W3CHttpResponseCodec","methodName":"createException","fileName":"W3CHttpResponseCodec.java","lineNumber":200,"format":1},{"classLoaderName":"app","declaringClass":"org.openqa.selenium.remote.codec.w3c.W3CHttpResponseCodec","methodName":"decode","fileName":"W3CHttpResponseCodec.java","lineNumber":133,"format":1},{"classLoaderName":"app","declaringClass":"org.openqa.selenium.remote.codec.w3c.W3CHttpResponseCodec","methodName":"decode","fileName":"W3CHttpResponseCodec.java","lineNumber":52,"format":1},{"classLoaderName":"app","declaringClass":"org.openqa.selenium.remote.HttpCommandExecutor","methodName":"execute","fileName":"HttpCommandExecutor.java","lineNumber":191,"format":1},{"classLoaderName":"app","declaringClass":"org.openqa.selenium.remote.service.DriverCommandExecutor","methodName":"invokeExecute","fileName":"DriverCommandExecutor.java","lineNumber":200,"format":1},{"classLoaderName":"app","declaringClass":"org.openqa.selenium.remote.service.DriverCommandExecutor","methodName":"execute","fileName":"DriverCommandExecutor.java","lineNumber":175,"format":1},{"classLoaderName":"app","declaringClass":"org.openqa.selenium.remote.RemoteWebDriver","methodName":"execute","fileName":"RemoteWebDriver.java","lineNumber":607,"format":1},{"classLoaderName":"app","declaringClass":"org.openqa.selenium.remote.RemoteWebDriver","methodName":"execute","fileName":"RemoteWebDriver.java","lineNumber":680,"format":1},{"classLoaderName":"app","declaringClass":"org.openqa.selenium.remote.RemoteWebDriver","methodName":"execute","fileName":"RemoteWebDriver.java","lineNumber":684,"format":1},{"classLoaderName":"app","declaringClass":"org.openqa.selenium.remote.RemoteWebDriver","methodName":"getScreenshotAs","fileName":"RemoteWebDriver.java","lineNumber":330,"format":1},{"classLoaderName":"app","declaringClass":"com.automationexercise.utility.Utility","methodName":"getScreenShot","fileName":"Utility.java","lineNumber":374,"format":1},{"classLoaderName":"app","declaringClass":"com.automationexercise.steps.Hooks","methodName":"tearDown","fileName":"Hooks.java","lineNumber":19,"format":1}],"suppressedExceptions":[]},"stackTrace":"org.openqa.selenium.NoSuchWindowException: no such window: target window already closed\nfrom unknown error: web view not found\n  (Session info: chrome\u003d120.0.6099.130)\nBuild info: version: \u00274.15.0\u0027, revision: \u00271d14b5521b\u0027\nSystem info: os.name: \u0027Windows 11\u0027, os.arch: \u0027amd64\u0027, os.version: \u002710.0\u0027, java.version: \u002717.0.8\u0027\nDriver info: org.openqa.selenium.chrome.ChromeDriver\nCommand: [33726dcfb02395dc1a7266ad6c6f0261, screenshot {}]\nCapabilities {acceptInsecureCerts: false, browserName: chrome, browserVersion: 120.0.6099.130, chrome: {chromedriverVersion: 120.0.6099.109 (3419140ab66..., userDataDir: C:\\Users\\shrad\\AppData\\Loca...}, fedcm:accounts: true, goog:chromeOptions: {debuggerAddress: localhost:52411}, networkConnectionEnabled: false, pageLoadStrategy: normal, platformName: windows, proxy: Proxy(), se:cdp: ws://localhost:52411/devtoo..., se:cdpVersion: 120.0.6099.130, setWindowRect: true, strictFileInteractability: false, timeouts: {implicit: 0, pageLoad: 300000, script: 30000}, unhandledPromptBehavior: dismiss and notify, webauthn:extension:credBlob: true, webauthn:extension:largeBlob: true, webauthn:extension:minPinLength: true, webauthn:extension:prf: true, webauthn:virtualAuthenticators: true}\nSession ID: 33726dcfb02395dc1a7266ad6c6f0261\r\n\tat java.base/jdk.internal.reflect.NativeConstructorAccessorImpl.newInstance0(Native Method)\r\n\tat java.base/jdk.internal.reflect.NativeConstructorAccessorImpl.newInstance(NativeConstructorAccessorImpl.java:77)\r\n\tat java.base/jdk.internal.reflect.DelegatingConstructorAccessorImpl.newInstance(DelegatingConstructorAccessorImpl.java:45)\r\n\tat java.base/java.lang.reflect.Constructor.newInstanceWithCaller(Constructor.java:499)\r\n\tat java.base/java.lang.reflect.Constructor.newInstance(Constructor.java:480)\r\n\tat org.openqa.selenium.remote.codec.w3c.W3CHttpResponseCodec.createException(W3CHttpResponseCodec.java:200)\r\n\tat org.openqa.selenium.remote.codec.w3c.W3CHttpResponseCodec.decode(W3CHttpResponseCodec.java:133)\r\n\tat org.openqa.selenium.remote.codec.w3c.W3CHttpResponseCodec.decode(W3CHttpResponseCodec.java:52)\r\n\tat org.openqa.selenium.remote.HttpCommandExecutor.execute(HttpCommandExecutor.java:191)\r\n\tat org.openqa.selenium.remote.service.DriverCommandExecutor.invokeExecute(DriverCommandExecutor.java:200)\r\n\tat org.openqa.selenium.remote.service.DriverCommandExecutor.execute(DriverCommandExecutor.java:175)\r\n\tat org.openqa.selenium.remote.RemoteWebDriver.execute(RemoteWebDriver.java:607)\r\n\tat org.openqa.selenium.remote.RemoteWebDriver.execute(RemoteWebDriver.java:680)\r\n\tat org.openqa.selenium.remote.RemoteWebDriver.execute(RemoteWebDriver.java:684)\r\n\tat org.openqa.selenium.remote.RemoteWebDriver.getScreenshotAs(RemoteWebDriver.java:330)\r\n\tat com.automationexercise.utility.Utility.getScreenShot(Utility.java:374)\r\n\tat com.automationexercise.steps.Hooks.tearDown(Hooks.java:19)\r\n","name":"org.openqa.selenium.NoSuchWindowException"}],"authorSet":[],"categorySet":[],"deviceSet":[],"generatedLog":[]}],"logs":[],"media":[],"exceptions":[],"authorSet":[],"categorySet":[{"name":"@smoke"},{"name":"@regression"}],"deviceSet":[],"generatedLog":[]}],"logs":[],"media":[],"exceptions":[],"authorSet":[],"categorySet":[],"deviceSet":[],"generatedLog":[]}]